<?xml version="1.0" encoding="UTF-8"?>
<!-- Generated by org.testng.reporters.JUnitXMLReporter -->
<<<<<<< HEAD
<testsuite hostname="abc-PC" name="Tools QA" tests="2" failures="0" timestamp="28 Nov 2018 07:06:51 GMT" time="15.332" errors="0">
  <testcase name="Login" time="13.86" classname="ROAutomation.LaunchApp"/>
  <testcase name="ownernamevalidation" time="1.456" classname="ROAutomation.vehicle"/>
=======
<testsuite hostname="Sami_Android4" name="Tools QA" tests="9" failures="1" timestamp="24 Nov 2018 11:14:34 GMT" time="115.234" errors="0">
  <testcase name="Login" time="79.883" classname="ROAutomation.LaunchApp"/>
  <testcase name="AddManufacturer" time="11.896" classname="ROAutomation.Manufacture"/>
  <testcase name="TestRequiredFieldsValidation" time="1.775" classname="ROAutomation.Manufacture"/>
  <testcase name="checkAcNoFormatValidation" time="3.614" classname="ROAutomation.Manufacture"/>
  <testcase name="checkGSTFormatValidation" time="0.55" classname="ROAutomation.Manufacture">
    <failure type="org.openqa.selenium.WebDriverException" message="unknown error: Element &amp;lt;a href=&amp;quot;http://sublimetechnocorp.com/ro/admin/ro_manufacturer/add&amp;quot;&amp;gt;...&amp;lt;/a&amp;gt; is not clickable at point (110, 364). Other element would receive the click: &amp;lt;a href=&amp;quot;javascript:;&amp;quot;&amp;gt;...&amp;lt;/a&amp;gt;
  (Session info: chrome=70.0.3538.102)
  (Driver info: chromedriver=2.42.591088 (7b2b2dca23cca0862f674758c9a3933e685c27d5),platform=Windows NT 6.3.9600 x86_64) (WARNING: The server did not provide any stacktrace information)
Command duration or timeout: 0 milliseconds
Build info: version: &amp;apos;3.13.0&amp;apos;, revision: &amp;apos;2f0d292&amp;apos;, time: &amp;apos;2018-06-25T15:24:21.231Z&amp;apos;
System info: host: &amp;apos;SAMI_ANDROID4&amp;apos;, ip: &amp;apos;169.254.20.116&amp;apos;, os.name: &amp;apos;Windows 8.1&amp;apos;, os.arch: &amp;apos;amd64&amp;apos;, os.version: &amp;apos;6.3&amp;apos;, java.version: &amp;apos;1.8.0_131&amp;apos;
Driver info: org.openqa.selenium.chrome.ChromeDriver
Capabilities {acceptInsecureCerts: false, acceptSslCerts: false, applicationCacheEnabled: false, browserConnectionEnabled: false, browserName: chrome, chrome: {chromedriverVersion: 2.42.591088 (7b2b2dca23cca0..., userDataDir: C:\Users\Android4\AppData\L...}, cssSelectorsEnabled: true, databaseEnabled: false, goog:chromeOptions: {debuggerAddress: localhost:53925}, handlesAlerts: true, hasTouchScreen: false, javascriptEnabled: true, locationContextEnabled: true, mobileEmulationEnabled: false, nativeEvents: true, networkConnectionEnabled: false, pageLoadStrategy: normal, platform: XP, platformName: XP, rotatable: false, setWindowRect: true, takesHeapSnapshot: true, takesScreenshot: true, unexpectedAlertBehaviour: , unhandledPromptBehavior: , version: 70.0.3538.102, webStorageEnabled: true}
Session ID: ebc01263c6b1b841af6be034facbc21d">
      <![CDATA[org.openqa.selenium.WebDriverException: unknown error: Element <a href="http://sublimetechnocorp.com/ro/admin/ro_manufacturer/add">...</a> is not clickable at point (110, 364). Other element would receive the click: <a href="javascript:;">...</a>
  (Session info: chrome=70.0.3538.102)
  (Driver info: chromedriver=2.42.591088 (7b2b2dca23cca0862f674758c9a3933e685c27d5),platform=Windows NT 6.3.9600 x86_64) (WARNING: The server did not provide any stacktrace information)
Command duration or timeout: 0 milliseconds
Build info: version: '3.13.0', revision: '2f0d292', time: '2018-06-25T15:24:21.231Z'
System info: host: 'SAMI_ANDROID4', ip: '169.254.20.116', os.name: 'Windows 8.1', os.arch: 'amd64', os.version: '6.3', java.version: '1.8.0_131'
Driver info: org.openqa.selenium.chrome.ChromeDriver
Capabilities {acceptInsecureCerts: false, acceptSslCerts: false, applicationCacheEnabled: false, browserConnectionEnabled: false, browserName: chrome, chrome: {chromedriverVersion: 2.42.591088 (7b2b2dca23cca0..., userDataDir: C:\Users\Android4\AppData\L...}, cssSelectorsEnabled: true, databaseEnabled: false, goog:chromeOptions: {debuggerAddress: localhost:53925}, handlesAlerts: true, hasTouchScreen: false, javascriptEnabled: true, locationContextEnabled: true, mobileEmulationEnabled: false, nativeEvents: true, networkConnectionEnabled: false, pageLoadStrategy: normal, platform: XP, platformName: XP, rotatable: false, setWindowRect: true, takesHeapSnapshot: true, takesScreenshot: true, unexpectedAlertBehaviour: , unhandledPromptBehavior: , version: 70.0.3538.102, webStorageEnabled: true}
Session ID: ebc01263c6b1b841af6be034facbc21d
	at org.openqa.selenium.remote.ErrorHandler.createThrowable(ErrorHandler.java:214)
	at org.openqa.selenium.remote.ErrorHandler.throwIfResponseFailed(ErrorHandler.java:166)
	at org.openqa.selenium.remote.http.JsonHttpResponseCodec.reconstructValue(JsonHttpResponseCodec.java:40)
	at org.openqa.selenium.remote.http.AbstractHttpResponseCodec.decode(AbstractHttpResponseCodec.java:80)
	at org.openqa.selenium.remote.http.AbstractHttpResponseCodec.decode(AbstractHttpResponseCodec.java:44)
	at org.openqa.selenium.remote.HttpCommandExecutor.execute(HttpCommandExecutor.java:158)
	at org.openqa.selenium.remote.service.DriverCommandExecutor.execute(DriverCommandExecutor.java:83)
	at org.openqa.selenium.remote.RemoteWebDriver.execute(RemoteWebDriver.java:548)
	at org.openqa.selenium.remote.RemoteWebElement.execute(RemoteWebElement.java:276)
	at org.openqa.selenium.remote.RemoteWebElement.click(RemoteWebElement.java:83)
	at ROAutomation.Manufacture.checkGSTFormatValidation(Manufacture.java:161)
... Removed 28 stack frames]]>
    </failure>
  </testcase> <!-- checkGSTFormatValidation -->
  <testcase name="checkGSTUniqueValidation" time="3.737" classname="ROAutomation.Manufacture"/>
  <testcase name="checkIIFScFormatValidation" time="2.603" classname="ROAutomation.Manufacture"/>
  <testcase name="checkMobileNumberFormatValidation" time="2.952" classname="ROAutomation.Manufacture"/>
  <testcase name="checkMobileNumberNumericValidation" time="4.0" classname="ROAutomation.Manufacture"/>
>>>>>>> branch 'master' of https://github.com/AparnaMallur/RO.git
</testsuite> <!-- Tools QA -->
